0 info it worked if it ends with ok
1 verbose cli [ '/usr/local/bin/node',
1 verbose cli   '/Users/martincastre/.npm-packages/bin/npm',
1 verbose cli   'start' ]
2 info using npm@3.9.5
3 info using node@v8.9.4
4 verbose run-script [ 'prestart', 'start', 'poststart' ]
5 info lifecycle bluprint-2018@0.0.1~prestart: bluprint-2018@0.0.1
6 silly lifecycle bluprint-2018@0.0.1~prestart: no script for prestart, continuing
7 info lifecycle bluprint-2018@0.0.1~start: bluprint-2018@0.0.1
8 verbose lifecycle bluprint-2018@0.0.1~start: unsafe-perm in lifecycle true
9 verbose lifecycle bluprint-2018@0.0.1~start: PATH: /Users/martincastre/.npm-packages/lib/node_modules/npm/bin/node-gyp-bin:/Users/martincastre/Desktop/martincastre/env-martin/bluprint-2018-ang5/node_modules/.bin:/usr/local/bin:/Users/martincastre/.rvm/gems/ruby-2.0.0-p648/bin:/Users/martincastre/.rvm/gems/ruby-2.0.0-p648@global/bin:/Users/martincastre/.rvm/rubies/ruby-2.0.0-p648/bin:/Users/martincastre/.npm-packages/bin:/usr/local/bin:/usr/bin:/bin:/usr/sbin:/sbin:/usr/local/share/dotnet:/usr/local/git/bin:/Users/martincastre/.rvm/bin
10 verbose lifecycle bluprint-2018@0.0.1~start: CWD: /Users/martincastre/Desktop/martincastre/env-martin/bluprint-2018-ang5
11 silly lifecycle bluprint-2018@0.0.1~start: Args: [ '-c', 'ng serve' ]
12 silly lifecycle bluprint-2018@0.0.1~start: Returned: code: 1  signal: null
13 info lifecycle bluprint-2018@0.0.1~start: Failed to exec start script
14 verbose stack Error: bluprint-2018@0.0.1 start: `ng serve`
14 verbose stack Exit status 1
14 verbose stack     at EventEmitter.<anonymous> (/Users/martincastre/.npm-packages/lib/node_modules/npm/lib/utils/lifecycle.js:245:16)
14 verbose stack     at emitTwo (events.js:126:13)
14 verbose stack     at EventEmitter.emit (events.js:214:7)
14 verbose stack     at ChildProcess.<anonymous> (/Users/martincastre/.npm-packages/lib/node_modules/npm/lib/utils/spawn.js:24:14)
14 verbose stack     at emitTwo (events.js:126:13)
14 verbose stack     at ChildProcess.emit (events.js:214:7)
14 verbose stack     at maybeClose (internal/child_process.js:925:16)
14 verbose stack     at Process.ChildProcess._handle.onexit (internal/child_process.js:209:5)
15 verbose pkgid bluprint-2018@0.0.1
16 verbose cwd /Users/martincastre/Desktop/martincastre/env-martin/bluprint-2018-ang5
17 error Darwin 15.6.0
18 error argv "/usr/local/bin/node" "/Users/martincastre/.npm-packages/bin/npm" "start"
19 error node v8.9.4
20 error npm  v3.9.5
21 error code ELIFECYCLE
22 error bluprint-2018@0.0.1 start: `ng serve`
22 error Exit status 1
23 error Failed at the bluprint-2018@0.0.1 start script 'ng serve'.
23 error Make sure you have the latest version of node.js and npm installed.
23 error If you do, this is most likely a problem with the bluprint-2018 package,
23 error not with npm itself.
23 error Tell the author that this fails on your system:
23 error     ng serve
23 error You can get information on how to open an issue for this project with:
23 error     npm bugs bluprint-2018
23 error Or if that isn't available, you can get their info via:
23 error     npm owner ls bluprint-2018
23 error There is likely additional logging output above.
24 verbose exit [ 1, true ]
